The system is: Linux - 5.4.72-microsoft-standard-WSL2 - x86_64
Compiling the C compiler identification source file "CMakeCCompilerId.c" succeeded.
Compiler: /usr/local/bin/gcc 
Build flags: 
Id flags:  

The output was:
0


Compilation of the C compiler identification source "CMakeCCompilerId.c" produced "a.out"

The C compiler identification is GNU, found in "/deployment/python_in_cpp_trivial/cmake-build-debug/CMakeFiles/3.14.5/CompilerIdC/a.out"

Compiling the CXX compiler identification source file "CMakeCXXCompilerId.cpp" succeeded.
Compiler: /usr/local/bin/g++ 
Build flags: 
Id flags:  

The output was:
0


Compilation of the CXX compiler identification source "CMakeCXXCompilerId.cpp" produced "a.out"

The CXX compiler identification is GNU, found in "/deployment/python_in_cpp_trivial/cmake-build-debug/CMakeFiles/3.14.5/CompilerIdCXX/a.out"

Determining if the C compiler works passed with the following output:
Change Dir: /deployment/python_in_cpp_trivial/cmake-build-debug/CMakeFiles/CMakeTmp

Run Build Command(s):/usr/bin/make cmTC_538d3/fast 
make: Warning: File `Makefile' has modification time 2.1 s in the future
/usr/bin/make -f CMakeFiles/cmTC_538d3.dir/build.make CMakeFiles/cmTC_538d3.dir/build
make[1]: Entering directory `/deployment/python_in_cpp_trivial/cmake-build-debug/CMakeFiles/CMakeTmp'
make[1]: Warning: File `CMakeFiles/cmTC_538d3.dir/flags.make' has modification time 2.1 s in the future
Building C object CMakeFiles/cmTC_538d3.dir/testCCompiler.c.o
/usr/local/bin/gcc    -o CMakeFiles/cmTC_538d3.dir/testCCompiler.c.o   -c /deployment/python_in_cpp_trivial/cmake-build-debug/CMakeFiles/CMakeTmp/testCCompiler.c
Linking C executable cmTC_538d3
/clion/bin/cmake/linux/bin/cmake -E cmake_link_script CMakeFiles/cmTC_538d3.dir/link.txt --verbose=1
/usr/local/bin/gcc      CMakeFiles/cmTC_538d3.dir/testCCompiler.c.o  -o cmTC_538d3 
make[1]: warning:  Clock skew detected.  Your build may be incomplete.
make[1]: Leaving directory `/deployment/python_in_cpp_trivial/cmake-build-debug/CMakeFiles/CMakeTmp'
make: warning:  Clock skew detected.  Your build may be incomplete.


Detecting C compiler ABI info compiled with the following output:
Change Dir: /deployment/python_in_cpp_trivial/cmake-build-debug/CMakeFiles/CMakeTmp

Run Build Command(s):/usr/bin/make cmTC_01775/fast 
make: Warning: File `Makefile' has modification time 2.2 s in the future
/usr/bin/make -f CMakeFiles/cmTC_01775.dir/build.make CMakeFiles/cmTC_01775.dir/build
make[1]: Entering directory `/deployment/python_in_cpp_trivial/cmake-build-debug/CMakeFiles/CMakeTmp'
make[1]: Warning: File `CMakeFiles/cmTC_01775.dir/flags.make' has modification time 2.1 s in the future
Building C object CMakeFiles/cmTC_01775.dir/CMakeCCompilerABI.c.o
/usr/local/bin/gcc   -v -o CMakeFiles/cmTC_01775.dir/CMakeCCompilerABI.c.o   -c /clion/bin/cmake/linux/share/cmake-3.14/Modules/CMakeCCompilerABI.c
Using built-in specs.
COLLECT_GCC=/usr/local/bin/gcc
Target: x86_64-pc-linux-gnu
Configured with: ../configure --prefix=/opt/gcc-7.4.0 --enable-languages=c,c++,fortran --disable-multilib
Thread model: posix
gcc version 7.4.0 (GCC) 
COLLECT_GCC_OPTIONS='-v' '-o' 'CMakeFiles/cmTC_01775.dir/CMakeCCompilerABI.c.o' '-c' '-mtune=generic' '-march=x86-64'
 /opt/gcc-7.4.0/libexec/gcc/x86_64-pc-linux-gnu/7.4.0/cc1 -quiet -v /clion/bin/cmake/linux/share/cmake-3.14/Modules/CMakeCCompilerABI.c -quiet -dumpbase CMakeCCompilerABI.c -mtune=generic -march=x86-64 -auxbase-strip CMakeFiles/cmTC_01775.dir/CMakeCCompilerABI.c.o -version -o /tmp/cchsqWap.s
GNU C11 (GCC) version 7.4.0 (x86_64-pc-linux-gnu)
	compiled by GNU C version 7.4.0, GMP version 6.1.2, MPFR version 4.0.2, MPC version 1.1.0, isl version isl-0.21-GMP

GGC heuristics: --param ggc-min-expand=100 --param ggc-min-heapsize=131072
ignoring nonexistent directory "/opt/gcc-7.4.0/lib/gcc/x86_64-pc-linux-gnu/7.4.0/../../../../x86_64-pc-linux-gnu/include"
#include "..." search starts here:
#include <...> search starts here:
 /opt/gcc-7.4.0/lib/gcc/x86_64-pc-linux-gnu/7.4.0/include
 /usr/local/include
 /opt/gcc-7.4.0/include
 /opt/gcc-7.4.0/lib/gcc/x86_64-pc-linux-gnu/7.4.0/include-fixed
 /usr/include
End of search list.
GNU C11 (GCC) version 7.4.0 (x86_64-pc-linux-gnu)
	compiled by GNU C version 7.4.0, GMP version 6.1.2, MPFR version 4.0.2, MPC version 1.1.0, isl version isl-0.21-GMP

GGC heuristics: --param ggc-min-expand=100 --param ggc-min-heapsize=131072
Compiler executable checksum: 72c68462f149f2db1004d3f0898d2f9a
COLLECT_GCC_OPTIONS='-v' '-o' 'CMakeFiles/cmTC_01775.dir/CMakeCCompilerABI.c.o' '-c' '-mtune=generic' '-march=x86-64'
 as -v --64 -o CMakeFiles/cmTC_01775.dir/CMakeCCompilerABI.c.o /tmp/cchsqWap.s
GNU assembler version 2.27 (x86_64-redhat-linux) using BFD version version 2.27-44.base.el7
COMPILER_PATH=/opt/gcc-7.4.0/libexec/gcc/x86_64-pc-linux-gnu/7.4.0/:/opt/gcc-7.4.0/libexec/gcc/x86_64-pc-linux-gnu/7.4.0/:/opt/gcc-7.4.0/libexec/gcc/x86_64-pc-linux-gnu/:/opt/gcc-7.4.0/lib/gcc/x86_64-pc-linux-gnu/7.4.0/:/opt/gcc-7.4.0/lib/gcc/x86_64-pc-linux-gnu/
LIBRARY_PATH=/opt/gcc-7.4.0/lib/gcc/x86_64-pc-linux-gnu/7.4.0/:/opt/gcc-7.4.0/lib/gcc/x86_64-pc-linux-gnu/7.4.0/../../../../lib64/:/lib/../lib64/:/usr/lib/../lib64/:/opt/gcc-7.4.0/lib/gcc/x86_64-pc-linux-gnu/7.4.0/../../../:/lib/:/usr/lib/
COLLECT_GCC_OPTIONS='-v' '-o' 'CMakeFiles/cmTC_01775.dir/CMakeCCompilerABI.c.o' '-c' '-mtune=generic' '-march=x86-64'
Linking C executable cmTC_01775
/clion/bin/cmake/linux/bin/cmake -E cmake_link_script CMakeFiles/cmTC_01775.dir/link.txt --verbose=1
/usr/local/bin/gcc     -v CMakeFiles/cmTC_01775.dir/CMakeCCompilerABI.c.o  -o cmTC_01775 
Using built-in specs.
COLLECT_GCC=/usr/local/bin/gcc
COLLECT_LTO_WRAPPER=/opt/gcc-7.4.0/libexec/gcc/x86_64-pc-linux-gnu/7.4.0/lto-wrapper
Target: x86_64-pc-linux-gnu
Configured with: ../configure --prefix=/opt/gcc-7.4.0 --enable-languages=c,c++,fortran --disable-multilib
Thread model: posix
gcc version 7.4.0 (GCC) 
COMPILER_PATH=/opt/gcc-7.4.0/libexec/gcc/x86_64-pc-linux-gnu/7.4.0/:/opt/gcc-7.4.0/libexec/gcc/x86_64-pc-linux-gnu/7.4.0/:/opt/gcc-7.4.0/libexec/gcc/x86_64-pc-linux-gnu/:/opt/gcc-7.4.0/lib/gcc/x86_64-pc-linux-gnu/7.4.0/:/opt/gcc-7.4.0/lib/gcc/x86_64-pc-linux-gnu/
LIBRARY_PATH=/opt/gcc-7.4.0/lib/gcc/x86_64-pc-linux-gnu/7.4.0/:/opt/gcc-7.4.0/lib/gcc/x86_64-pc-linux-gnu/7.4.0/../../../../lib64/:/lib/../lib64/:/usr/lib/../lib64/:/opt/gcc-7.4.0/lib/gcc/x86_64-pc-linux-gnu/7.4.0/../../../:/lib/:/usr/lib/
COLLECT_GCC_OPTIONS='-v' '-o' 'cmTC_01775' '-mtune=generic' '-march=x86-64'
 /opt/gcc-7.4.0/libexec/gcc/x86_64-pc-linux-gnu/7.4.0/collect2 --eh-frame-hdr -m elf_x86_64 -dynamic-linker /lib64/ld-linux-x86-64.so.2 -o cmTC_01775 /lib/../lib64/crt1.o /lib/../lib64/crti.o /opt/gcc-7.4.0/lib/gcc/x86_64-pc-linux-gnu/7.4.0/crtbegin.o -L/opt/gcc-7.4.0/lib/gcc/x86_64-pc-linux-gnu/7.4.0 -L/opt/gcc-7.4.0/lib/gcc/x86_64-pc-linux-gnu/7.4.0/../../../../lib64 -L/lib/../lib64 -L/usr/lib/../lib64 -L/opt/gcc-7.4.0/lib/gcc/x86_64-pc-linux-gnu/7.4.0/../../.. CMakeFiles/cmTC_01775.dir/CMakeCCompilerABI.c.o -lgcc --as-needed -lgcc_s --no-as-needed -lc -lgcc --as-needed -lgcc_s --no-as-needed /opt/gcc-7.4.0/lib/gcc/x86_64-pc-linux-gnu/7.4.0/crtend.o /lib/../lib64/crtn.o
COLLECT_GCC_OPTIONS='-v' '-o' 'cmTC_01775' '-mtune=generic' '-march=x86-64'
make[1]: warning:  Clock skew detected.  Your build may be incomplete.
make[1]: Leaving directory `/deployment/python_in_cpp_trivial/cmake-build-debug/CMakeFiles/CMakeTmp'
make: warning:  Clock skew detected.  Your build may be incomplete.


Parsed C implicit include dir info from above output: rv=done
  found start of include info
  found start of implicit include info
    add: [/opt/gcc-7.4.0/lib/gcc/x86_64-pc-linux-gnu/7.4.0/include]
    add: [/usr/local/include]
    add: [/opt/gcc-7.4.0/include]
    add: [/opt/gcc-7.4.0/lib/gcc/x86_64-pc-linux-gnu/7.4.0/include-fixed]
    add: [/usr/include]
  end of search list found
  collapse include dir [/opt/gcc-7.4.0/lib/gcc/x86_64-pc-linux-gnu/7.4.0/include] ==> [/opt/gcc-7.4.0/lib/gcc/x86_64-pc-linux-gnu/7.4.0/include]
  collapse include dir [/usr/local/include] ==> [/usr/local/include]
  collapse include dir [/opt/gcc-7.4.0/include] ==> [/opt/gcc-7.4.0/include]
  collapse include dir [/opt/gcc-7.4.0/lib/gcc/x86_64-pc-linux-gnu/7.4.0/include-fixed] ==> [/opt/gcc-7.4.0/lib/gcc/x86_64-pc-linux-gnu/7.4.0/include-fixed]
  collapse include dir [/usr/include] ==> [/usr/include]
  implicit include dirs: [/opt/gcc-7.4.0/lib/gcc/x86_64-pc-linux-gnu/7.4.0/include;/usr/local/include;/opt/gcc-7.4.0/include;/opt/gcc-7.4.0/lib/gcc/x86_64-pc-linux-gnu/7.4.0/include-fixed;/usr/include]


Parsed C implicit link information from above output:
  link line regex: [^( *|.*[/\])(ld|CMAKE_LINK_STARTFILE-NOTFOUND|([^/\]+-)?ld|collect2)[^/\]*( |$)]
  ignore line: [Change Dir: /deployment/python_in_cpp_trivial/cmake-build-debug/CMakeFiles/CMakeTmp]
  ignore line: []
  ignore line: [Run Build Command(s):/usr/bin/make cmTC_01775/fast ]
  ignore line: [make: Warning: File `Makefile' has modification time 2.2 s in the future]
  ignore line: [/usr/bin/make -f CMakeFiles/cmTC_01775.dir/build.make CMakeFiles/cmTC_01775.dir/build]
  ignore line: [make[1]: Entering directory `/deployment/python_in_cpp_trivial/cmake-build-debug/CMakeFiles/CMakeTmp']
  ignore line: [make[1]: Warning: File `CMakeFiles/cmTC_01775.dir/flags.make' has modification time 2.1 s in the future]
  ignore line: [Building C object CMakeFiles/cmTC_01775.dir/CMakeCCompilerABI.c.o]
  ignore line: [/usr/local/bin/gcc   -v -o CMakeFiles/cmTC_01775.dir/CMakeCCompilerABI.c.o   -c /clion/bin/cmake/linux/share/cmake-3.14/Modules/CMakeCCompilerABI.c]
  ignore line: [Using built-in specs.]
  ignore line: [COLLECT_GCC=/usr/local/bin/gcc]
  ignore line: [Target: x86_64-pc-linux-gnu]
  ignore line: [Configured with: ../configure --prefix=/opt/gcc-7.4.0 --enable-languages=c,c++,fortran --disable-multilib]
  ignore line: [Thread model: posix]
  ignore line: [gcc version 7.4.0 (GCC) ]
  ignore line: [COLLECT_GCC_OPTIONS='-v' '-o' 'CMakeFiles/cmTC_01775.dir/CMakeCCompilerABI.c.o' '-c' '-mtune=generic' '-march=x86-64']
  ignore line: [ /opt/gcc-7.4.0/libexec/gcc/x86_64-pc-linux-gnu/7.4.0/cc1 -quiet -v /clion/bin/cmake/linux/share/cmake-3.14/Modules/CMakeCCompilerABI.c -quiet -dumpbase CMakeCCompilerABI.c -mtune=generic -march=x86-64 -auxbase-strip CMakeFiles/cmTC_01775.dir/CMakeCCompilerABI.c.o -version -o /tmp/cchsqWap.s]
  ignore line: [GNU C11 (GCC) version 7.4.0 (x86_64-pc-linux-gnu)]
  ignore line: [	compiled by GNU C version 7.4.0, GMP version 6.1.2, MPFR version 4.0.2, MPC version 1.1.0, isl version isl-0.21-GMP]
  ignore line: []
  ignore line: [GGC heuristics: --param ggc-min-expand=100 --param ggc-min-heapsize=131072]
  ignore line: [ignoring nonexistent directory "/opt/gcc-7.4.0/lib/gcc/x86_64-pc-linux-gnu/7.4.0/../../../../x86_64-pc-linux-gnu/include"]
  ignore line: [#include "..." search starts here:]
  ignore line: [#include <...> search starts here:]
  ignore line: [ /opt/gcc-7.4.0/lib/gcc/x86_64-pc-linux-gnu/7.4.0/include]
  ignore line: [ /usr/local/include]
  ignore line: [ /opt/gcc-7.4.0/include]
  ignore line: [ /opt/gcc-7.4.0/lib/gcc/x86_64-pc-linux-gnu/7.4.0/include-fixed]
  ignore line: [ /usr/include]
  ignore line: [End of search list.]
  ignore line: [GNU C11 (GCC) version 7.4.0 (x86_64-pc-linux-gnu)]
  ignore line: [	compiled by GNU C version 7.4.0, GMP version 6.1.2, MPFR version 4.0.2, MPC version 1.1.0, isl version isl-0.21-GMP]
  ignore line: []
  ignore line: [GGC heuristics: --param ggc-min-expand=100 --param ggc-min-heapsize=131072]
  ignore line: [Compiler executable checksum: 72c68462f149f2db1004d3f0898d2f9a]
  ignore line: [COLLECT_GCC_OPTIONS='-v' '-o' 'CMakeFiles/cmTC_01775.dir/CMakeCCompilerABI.c.o' '-c' '-mtune=generic' '-march=x86-64']
  ignore line: [ as -v --64 -o CMakeFiles/cmTC_01775.dir/CMakeCCompilerABI.c.o /tmp/cchsqWap.s]
  ignore line: [GNU assembler version 2.27 (x86_64-redhat-linux) using BFD version version 2.27-44.base.el7]
  ignore line: [COMPILER_PATH=/opt/gcc-7.4.0/libexec/gcc/x86_64-pc-linux-gnu/7.4.0/:/opt/gcc-7.4.0/libexec/gcc/x86_64-pc-linux-gnu/7.4.0/:/opt/gcc-7.4.0/libexec/gcc/x86_64-pc-linux-gnu/:/opt/gcc-7.4.0/lib/gcc/x86_64-pc-linux-gnu/7.4.0/:/opt/gcc-7.4.0/lib/gcc/x86_64-pc-linux-gnu/]
  ignore line: [LIBRARY_PATH=/opt/gcc-7.4.0/lib/gcc/x86_64-pc-linux-gnu/7.4.0/:/opt/gcc-7.4.0/lib/gcc/x86_64-pc-linux-gnu/7.4.0/../../../../lib64/:/lib/../lib64/:/usr/lib/../lib64/:/opt/gcc-7.4.0/lib/gcc/x86_64-pc-linux-gnu/7.4.0/../../../:/lib/:/usr/lib/]
  ignore line: [COLLECT_GCC_OPTIONS='-v' '-o' 'CMakeFiles/cmTC_01775.dir/CMakeCCompilerABI.c.o' '-c' '-mtune=generic' '-march=x86-64']
  ignore line: [Linking C executable cmTC_01775]
  ignore line: [/clion/bin/cmake/linux/bin/cmake -E cmake_link_script CMakeFiles/cmTC_01775.dir/link.txt --verbose=1]
  ignore line: [/usr/local/bin/gcc     -v CMakeFiles/cmTC_01775.dir/CMakeCCompilerABI.c.o  -o cmTC_01775 ]
  ignore line: [Using built-in specs.]
  ignore line: [COLLECT_GCC=/usr/local/bin/gcc]
  ignore line: [COLLECT_LTO_WRAPPER=/opt/gcc-7.4.0/libexec/gcc/x86_64-pc-linux-gnu/7.4.0/lto-wrapper]
  ignore line: [Target: x86_64-pc-linux-gnu]
  ignore line: [Configured with: ../configure --prefix=/opt/gcc-7.4.0 --enable-languages=c,c++,fortran --disable-multilib]
  ignore line: [Thread model: posix]
  ignore line: [gcc version 7.4.0 (GCC) ]
  ignore line: [COMPILER_PATH=/opt/gcc-7.4.0/libexec/gcc/x86_64-pc-linux-gnu/7.4.0/:/opt/gcc-7.4.0/libexec/gcc/x86_64-pc-linux-gnu/7.4.0/:/opt/gcc-7.4.0/libexec/gcc/x86_64-pc-linux-gnu/:/opt/gcc-7.4.0/lib/gcc/x86_64-pc-linux-gnu/7.4.0/:/opt/gcc-7.4.0/lib/gcc/x86_64-pc-linux-gnu/]
  ignore line: [LIBRARY_PATH=/opt/gcc-7.4.0/lib/gcc/x86_64-pc-linux-gnu/7.4.0/:/opt/gcc-7.4.0/lib/gcc/x86_64-pc-linux-gnu/7.4.0/../../../../lib64/:/lib/../lib64/:/usr/lib/../lib64/:/opt/gcc-7.4.0/lib/gcc/x86_64-pc-linux-gnu/7.4.0/../../../:/lib/:/usr/lib/]
  ignore line: [COLLECT_GCC_OPTIONS='-v' '-o' 'cmTC_01775' '-mtune=generic' '-march=x86-64']
  link line: [ /opt/gcc-7.4.0/libexec/gcc/x86_64-pc-linux-gnu/7.4.0/collect2 --eh-frame-hdr -m elf_x86_64 -dynamic-linker /lib64/ld-linux-x86-64.so.2 -o cmTC_01775 /lib/../lib64/crt1.o /lib/../lib64/crti.o /opt/gcc-7.4.0/lib/gcc/x86_64-pc-linux-gnu/7.4.0/crtbegin.o -L/opt/gcc-7.4.0/lib/gcc/x86_64-pc-linux-gnu/7.4.0 -L/opt/gcc-7.4.0/lib/gcc/x86_64-pc-linux-gnu/7.4.0/../../../../lib64 -L/lib/../lib64 -L/usr/lib/../lib64 -L/opt/gcc-7.4.0/lib/gcc/x86_64-pc-linux-gnu/7.4.0/../../.. CMakeFiles/cmTC_01775.dir/CMakeCCompilerABI.c.o -lgcc --as-needed -lgcc_s --no-as-needed -lc -lgcc --as-needed -lgcc_s --no-as-needed /opt/gcc-7.4.0/lib/gcc/x86_64-pc-linux-gnu/7.4.0/crtend.o /lib/../lib64/crtn.o]
    arg [/opt/gcc-7.4.0/libexec/gcc/x86_64-pc-linux-gnu/7.4.0/collect2] ==> ignore
    arg [--eh-frame-hdr] ==> ignore
    arg [-m] ==> ignore
    arg [elf_x86_64] ==> ignore
    arg [-dynamic-linker] ==> ignore
    arg [/lib64/ld-linux-x86-64.so.2] ==> ignore
    arg [-o] ==> ignore
    arg [cmTC_01775] ==> ignore
    arg [/lib/../lib64/crt1.o] ==> ignore
    arg [/lib/../lib64/crti.o] ==> ignore
    arg [/opt/gcc-7.4.0/lib/gcc/x86_64-pc-linux-gnu/7.4.0/crtbegin.o] ==> ignore
    arg [-L/opt/gcc-7.4.0/lib/gcc/x86_64-pc-linux-gnu/7.4.0] ==> dir [/opt/gcc-7.4.0/lib/gcc/x86_64-pc-linux-gnu/7.4.0]
    arg [-L/opt/gcc-7.4.0/lib/gcc/x86_64-pc-linux-gnu/7.4.0/../../../../lib64] ==> dir [/opt/gcc-7.4.0/lib/gcc/x86_64-pc-linux-gnu/7.4.0/../../../../lib64]
    arg [-L/lib/../lib64] ==> dir [/lib/../lib64]
    arg [-L/usr/lib/../lib64] ==> dir [/usr/lib/../lib64]
    arg [-L/opt/gcc-7.4.0/lib/gcc/x86_64-pc-linux-gnu/7.4.0/../../..] ==> dir [/opt/gcc-7.4.0/lib/gcc/x86_64-pc-linux-gnu/7.4.0/../../..]
    arg [CMakeFiles/cmTC_01775.dir/CMakeCCompilerABI.c.o] ==> ignore
    arg [-lgcc] ==> lib [gcc]
    arg [--as-needed] ==> ignore
    arg [-lgcc_s] ==> lib [gcc_s]
    arg [--no-as-needed] ==> ignore
    arg [-lc] ==> lib [c]
    arg [-lgcc] ==> lib [gcc]
    arg [--as-needed] ==> ignore
    arg [-lgcc_s] ==> lib [gcc_s]
    arg [--no-as-needed] ==> ignore
    arg [/opt/gcc-7.4.0/lib/gcc/x86_64-pc-linux-gnu/7.4.0/crtend.o] ==> ignore
    arg [/lib/../lib64/crtn.o] ==> ignore
  collapse library dir [/opt/gcc-7.4.0/lib/gcc/x86_64-pc-linux-gnu/7.4.0] ==> [/opt/gcc-7.4.0/lib/gcc/x86_64-pc-linux-gnu/7.4.0]
  collapse library dir [/opt/gcc-7.4.0/lib/gcc/x86_64-pc-linux-gnu/7.4.0/../../../../lib64] ==> [/opt/gcc-7.4.0/lib64]
  collapse library dir [/lib/../lib64] ==> [/lib64]
  collapse library dir [/usr/lib/../lib64] ==> [/usr/lib64]
  collapse library dir [/opt/gcc-7.4.0/lib/gcc/x86_64-pc-linux-gnu/7.4.0/../../..] ==> [/opt/gcc-7.4.0/lib]
  implicit libs: [gcc;gcc_s;c;gcc;gcc_s]
  implicit dirs: [/opt/gcc-7.4.0/lib/gcc/x86_64-pc-linux-gnu/7.4.0;/opt/gcc-7.4.0/lib64;/lib64;/usr/lib64;/opt/gcc-7.4.0/lib]
  implicit fwks: []




Detecting C [-std=c11] compiler features compiled with the following output:
Change Dir: /deployment/python_in_cpp_trivial/cmake-build-debug/CMakeFiles/CMakeTmp

Run Build Command(s):/usr/bin/make cmTC_342f9/fast 
make: Warning: File `Makefile' has modification time 2.1 s in the future
/usr/bin/make -f CMakeFiles/cmTC_342f9.dir/build.make CMakeFiles/cmTC_342f9.dir/build
make[1]: Entering directory `/deployment/python_in_cpp_trivial/cmake-build-debug/CMakeFiles/CMakeTmp'
make[1]: Warning: File `CMakeFiles/cmTC_342f9.dir/flags.make' has modification time 2.1 s in the future
Building C object CMakeFiles/cmTC_342f9.dir/feature_tests.c.o
/usr/local/bin/gcc   -std=c11 -o CMakeFiles/cmTC_342f9.dir/feature_tests.c.o   -c /deployment/python_in_cpp_trivial/cmake-build-debug/CMakeFiles/feature_tests.c
Linking C executable cmTC_342f9
/clion/bin/cmake/linux/bin/cmake -E cmake_link_script CMakeFiles/cmTC_342f9.dir/link.txt --verbose=1
/usr/local/bin/gcc      CMakeFiles/cmTC_342f9.dir/feature_tests.c.o  -o cmTC_342f9 
make[1]: warning:  Clock skew detected.  Your build may be incomplete.
make[1]: Leaving directory `/deployment/python_in_cpp_trivial/cmake-build-debug/CMakeFiles/CMakeTmp'
make: warning:  Clock skew detected.  Your build may be incomplete.


    Feature record: C_FEATURE:1c_function_prototypes
    Feature record: C_FEATURE:1c_restrict
    Feature record: C_FEATURE:1c_static_assert
    Feature record: C_FEATURE:1c_variadic_macros


Detecting C [-std=c99] compiler features compiled with the following output:
Change Dir: /deployment/python_in_cpp_trivial/cmake-build-debug/CMakeFiles/CMakeTmp

Run Build Command(s):/usr/bin/make cmTC_ec075/fast 
make: Warning: File `Makefile' has modification time 2.1 s in the future
/usr/bin/make -f CMakeFiles/cmTC_ec075.dir/build.make CMakeFiles/cmTC_ec075.dir/build
make[1]: Entering directory `/deployment/python_in_cpp_trivial/cmake-build-debug/CMakeFiles/CMakeTmp'
make[1]: Warning: File `CMakeFiles/cmTC_ec075.dir/flags.make' has modification time 2.1 s in the future
Building C object CMakeFiles/cmTC_ec075.dir/feature_tests.c.o
/usr/local/bin/gcc   -std=c99 -o CMakeFiles/cmTC_ec075.dir/feature_tests.c.o   -c /deployment/python_in_cpp_trivial/cmake-build-debug/CMakeFiles/feature_tests.c
Linking C executable cmTC_ec075
/clion/bin/cmake/linux/bin/cmake -E cmake_link_script CMakeFiles/cmTC_ec075.dir/link.txt --verbose=1
/usr/local/bin/gcc      CMakeFiles/cmTC_ec075.dir/feature_tests.c.o  -o cmTC_ec075 
make[1]: warning:  Clock skew detected.  Your build may be incomplete.
make[1]: Leaving directory `/deployment/python_in_cpp_trivial/cmake-build-debug/CMakeFiles/CMakeTmp'
make: warning:  Clock skew detected.  Your build may be incomplete.


    Feature record: C_FEATURE:1c_function_prototypes
    Feature record: C_FEATURE:1c_restrict
    Feature record: C_FEATURE:0c_static_assert
    Feature record: C_FEATURE:1c_variadic_macros


Detecting C [-std=c90] compiler features compiled with the following output:
Change Dir: /deployment/python_in_cpp_trivial/cmake-build-debug/CMakeFiles/CMakeTmp

Run Build Command(s):/usr/bin/make cmTC_d7bcb/fast 
make: Warning: File `Makefile' has modification time 2.1 s in the future
/usr/bin/make -f CMakeFiles/cmTC_d7bcb.dir/build.make CMakeFiles/cmTC_d7bcb.dir/build
make[1]: Entering directory `/deployment/python_in_cpp_trivial/cmake-build-debug/CMakeFiles/CMakeTmp'
make[1]: Warning: File `CMakeFiles/cmTC_d7bcb.dir/flags.make' has modification time 2.1 s in the future
Building C object CMakeFiles/cmTC_d7bcb.dir/feature_tests.c.o
/usr/local/bin/gcc   -std=c90 -o CMakeFiles/cmTC_d7bcb.dir/feature_tests.c.o   -c /deployment/python_in_cpp_trivial/cmake-build-debug/CMakeFiles/feature_tests.c
Linking C executable cmTC_d7bcb
/clion/bin/cmake/linux/bin/cmake -E cmake_link_script CMakeFiles/cmTC_d7bcb.dir/link.txt --verbose=1
/usr/local/bin/gcc      CMakeFiles/cmTC_d7bcb.dir/feature_tests.c.o  -o cmTC_d7bcb 
make[1]: warning:  Clock skew detected.  Your build may be incomplete.
make[1]: Leaving directory `/deployment/python_in_cpp_trivial/cmake-build-debug/CMakeFiles/CMakeTmp'
make: warning:  Clock skew detected.  Your build may be incomplete.


    Feature record: C_FEATURE:1c_function_prototypes
    Feature record: C_FEATURE:0c_restrict
    Feature record: C_FEATURE:0c_static_assert
    Feature record: C_FEATURE:0c_variadic_macros
Determining if the CXX compiler works passed with the following output:
Change Dir: /deployment/python_in_cpp_trivial/cmake-build-debug/CMakeFiles/CMakeTmp

Run Build Command(s):/usr/bin/make cmTC_e0c48/fast 
make: Warning: File `Makefile' has modification time 2.1 s in the future
/usr/bin/make -f CMakeFiles/cmTC_e0c48.dir/build.make CMakeFiles/cmTC_e0c48.dir/build
make[1]: Entering directory `/deployment/python_in_cpp_trivial/cmake-build-debug/CMakeFiles/CMakeTmp'
make[1]: Warning: File `CMakeFiles/cmTC_e0c48.dir/flags.make' has modification time 2.1 s in the future
Building CXX object CMakeFiles/cmTC_e0c48.dir/testCXXCompiler.cxx.o
/usr/local/bin/g++     -o CMakeFiles/cmTC_e0c48.dir/testCXXCompiler.cxx.o -c /deployment/python_in_cpp_trivial/cmake-build-debug/CMakeFiles/CMakeTmp/testCXXCompiler.cxx
Linking CXX executable cmTC_e0c48
/clion/bin/cmake/linux/bin/cmake -E cmake_link_script CMakeFiles/cmTC_e0c48.dir/link.txt --verbose=1
/usr/local/bin/g++       CMakeFiles/cmTC_e0c48.dir/testCXXCompiler.cxx.o  -o cmTC_e0c48 
make[1]: warning:  Clock skew detected.  Your build may be incomplete.
make[1]: Leaving directory `/deployment/python_in_cpp_trivial/cmake-build-debug/CMakeFiles/CMakeTmp'
make: warning:  Clock skew detected.  Your build may be incomplete.


Detecting CXX compiler ABI info compiled with the following output:
Change Dir: /deployment/python_in_cpp_trivial/cmake-build-debug/CMakeFiles/CMakeTmp

Run Build Command(s):/usr/bin/make cmTC_2f5c3/fast 
make: Warning: File `Makefile' has modification time 2.1 s in the future
/usr/bin/make -f CMakeFiles/cmTC_2f5c3.dir/build.make CMakeFiles/cmTC_2f5c3.dir/build
make[1]: Entering directory `/deployment/python_in_cpp_trivial/cmake-build-debug/CMakeFiles/CMakeTmp'
make[1]: Warning: File `CMakeFiles/cmTC_2f5c3.dir/flags.make' has modification time 2.1 s in the future
Building CXX object CMakeFiles/cmTC_2f5c3.dir/CMakeCXXCompilerABI.cpp.o
/usr/local/bin/g++    -v -o CMakeFiles/cmTC_2f5c3.dir/CMakeCXXCompilerABI.cpp.o -c /clion/bin/cmake/linux/share/cmake-3.14/Modules/CMakeCXXCompilerABI.cpp
Using built-in specs.
COLLECT_GCC=/usr/local/bin/g++
Target: x86_64-pc-linux-gnu
Configured with: ../configure --prefix=/opt/gcc-7.4.0 --enable-languages=c,c++,fortran --disable-multilib
Thread model: posix
gcc version 7.4.0 (GCC) 
COLLECT_GCC_OPTIONS='-v' '-o' 'CMakeFiles/cmTC_2f5c3.dir/CMakeCXXCompilerABI.cpp.o' '-c' '-shared-libgcc' '-mtune=generic' '-march=x86-64'
 /opt/gcc-7.4.0/libexec/gcc/x86_64-pc-linux-gnu/7.4.0/cc1plus -quiet -v -D_GNU_SOURCE /clion/bin/cmake/linux/share/cmake-3.14/Modules/CMakeCXXCompilerABI.cpp -quiet -dumpbase CMakeCXXCompilerABI.cpp -mtune=generic -march=x86-64 -auxbase-strip CMakeFiles/cmTC_2f5c3.dir/CMakeCXXCompilerABI.cpp.o -version -o /tmp/cctY54eJ.s
GNU C++14 (GCC) version 7.4.0 (x86_64-pc-linux-gnu)
	compiled by GNU C version 7.4.0, GMP version 6.1.2, MPFR version 4.0.2, MPC version 1.1.0, isl version isl-0.21-GMP

GGC heuristics: --param ggc-min-expand=100 --param ggc-min-heapsize=131072
ignoring nonexistent directory "/opt/gcc-7.4.0/lib/gcc/x86_64-pc-linux-gnu/7.4.0/../../../../x86_64-pc-linux-gnu/include"
#include "..." search starts here:
#include <...> search starts here:
 /opt/gcc-7.4.0/lib/gcc/x86_64-pc-linux-gnu/7.4.0/../../../../include/c++/7.4.0
 /opt/gcc-7.4.0/lib/gcc/x86_64-pc-linux-gnu/7.4.0/../../../../include/c++/7.4.0/x86_64-pc-linux-gnu
 /opt/gcc-7.4.0/lib/gcc/x86_64-pc-linux-gnu/7.4.0/../../../../include/c++/7.4.0/backward
 /opt/gcc-7.4.0/lib/gcc/x86_64-pc-linux-gnu/7.4.0/include
 /usr/local/include
 /opt/gcc-7.4.0/include
 /opt/gcc-7.4.0/lib/gcc/x86_64-pc-linux-gnu/7.4.0/include-fixed
 /usr/include
End of search list.
GNU C++14 (GCC) version 7.4.0 (x86_64-pc-linux-gnu)
	compiled by GNU C version 7.4.0, GMP version 6.1.2, MPFR version 4.0.2, MPC version 1.1.0, isl version isl-0.21-GMP

GGC heuristics: --param ggc-min-expand=100 --param ggc-min-heapsize=131072
Compiler executable checksum: ed3ed57232794e0d8ab44750a7992d15
COLLECT_GCC_OPTIONS='-v' '-o' 'CMakeFiles/cmTC_2f5c3.dir/CMakeCXXCompilerABI.cpp.o' '-c' '-shared-libgcc' '-mtune=generic' '-march=x86-64'
 as -v --64 -o CMakeFiles/cmTC_2f5c3.dir/CMakeCXXCompilerABI.cpp.o /tmp/cctY54eJ.s
GNU assembler version 2.27 (x86_64-redhat-linux) using BFD version version 2.27-44.base.el7
COMPILER_PATH=/opt/gcc-7.4.0/libexec/gcc/x86_64-pc-linux-gnu/7.4.0/:/opt/gcc-7.4.0/libexec/gcc/x86_64-pc-linux-gnu/7.4.0/:/opt/gcc-7.4.0/libexec/gcc/x86_64-pc-linux-gnu/:/opt/gcc-7.4.0/lib/gcc/x86_64-pc-linux-gnu/7.4.0/:/opt/gcc-7.4.0/lib/gcc/x86_64-pc-linux-gnu/
LIBRARY_PATH=/opt/gcc-7.4.0/lib/gcc/x86_64-pc-linux-gnu/7.4.0/:/opt/gcc-7.4.0/lib/gcc/x86_64-pc-linux-gnu/7.4.0/../../../../lib64/:/lib/../lib64/:/usr/lib/../lib64/:/opt/gcc-7.4.0/lib/gcc/x86_64-pc-linux-gnu/7.4.0/../../../:/lib/:/usr/lib/
COLLECT_GCC_OPTIONS='-v' '-o' 'CMakeFiles/cmTC_2f5c3.dir/CMakeCXXCompilerABI.cpp.o' '-c' '-shared-libgcc' '-mtune=generic' '-march=x86-64'
Linking CXX executable cmTC_2f5c3
/clion/bin/cmake/linux/bin/cmake -E cmake_link_script CMakeFiles/cmTC_2f5c3.dir/link.txt --verbose=1
/usr/local/bin/g++      -v CMakeFiles/cmTC_2f5c3.dir/CMakeCXXCompilerABI.cpp.o  -o cmTC_2f5c3 
Using built-in specs.
COLLECT_GCC=/usr/local/bin/g++
COLLECT_LTO_WRAPPER=/opt/gcc-7.4.0/libexec/gcc/x86_64-pc-linux-gnu/7.4.0/lto-wrapper
Target: x86_64-pc-linux-gnu
Configured with: ../configure --prefix=/opt/gcc-7.4.0 --enable-languages=c,c++,fortran --disable-multilib
Thread model: posix
gcc version 7.4.0 (GCC) 
COMPILER_PATH=/opt/gcc-7.4.0/libexec/gcc/x86_64-pc-linux-gnu/7.4.0/:/opt/gcc-7.4.0/libexec/gcc/x86_64-pc-linux-gnu/7.4.0/:/opt/gcc-7.4.0/libexec/gcc/x86_64-pc-linux-gnu/:/opt/gcc-7.4.0/lib/gcc/x86_64-pc-linux-gnu/7.4.0/:/opt/gcc-7.4.0/lib/gcc/x86_64-pc-linux-gnu/
LIBRARY_PATH=/opt/gcc-7.4.0/lib/gcc/x86_64-pc-linux-gnu/7.4.0/:/opt/gcc-7.4.0/lib/gcc/x86_64-pc-linux-gnu/7.4.0/../../../../lib64/:/lib/../lib64/:/usr/lib/../lib64/:/opt/gcc-7.4.0/lib/gcc/x86_64-pc-linux-gnu/7.4.0/../../../:/lib/:/usr/lib/
COLLECT_GCC_OPTIONS='-v' '-o' 'cmTC_2f5c3' '-shared-libgcc' '-mtune=generic' '-march=x86-64'
 /opt/gcc-7.4.0/libexec/gcc/x86_64-pc-linux-gnu/7.4.0/collect2 --eh-frame-hdr -m elf_x86_64 -dynamic-linker /lib64/ld-linux-x86-64.so.2 -o cmTC_2f5c3 /lib/../lib64/crt1.o /lib/../lib64/crti.o /opt/gcc-7.4.0/lib/gcc/x86_64-pc-linux-gnu/7.4.0/crtbegin.o -L/opt/gcc-7.4.0/lib/gcc/x86_64-pc-linux-gnu/7.4.0 -L/opt/gcc-7.4.0/lib/gcc/x86_64-pc-linux-gnu/7.4.0/../../../../lib64 -L/lib/../lib64 -L/usr/lib/../lib64 -L/opt/gcc-7.4.0/lib/gcc/x86_64-pc-linux-gnu/7.4.0/../../.. CMakeFiles/cmTC_2f5c3.dir/CMakeCXXCompilerABI.cpp.o -lstdc++ -lm -lgcc_s -lgcc -lc -lgcc_s -lgcc /opt/gcc-7.4.0/lib/gcc/x86_64-pc-linux-gnu/7.4.0/crtend.o /lib/../lib64/crtn.o
COLLECT_GCC_OPTIONS='-v' '-o' 'cmTC_2f5c3' '-shared-libgcc' '-mtune=generic' '-march=x86-64'
make[1]: warning:  Clock skew detected.  Your build may be incomplete.
make[1]: Leaving directory `/deployment/python_in_cpp_trivial/cmake-build-debug/CMakeFiles/CMakeTmp'
make: warning:  Clock skew detected.  Your build may be incomplete.


Parsed CXX implicit include dir info from above output: rv=done
  found start of include info
  found start of implicit include info
    add: [/opt/gcc-7.4.0/lib/gcc/x86_64-pc-linux-gnu/7.4.0/../../../../include/c++/7.4.0]
    add: [/opt/gcc-7.4.0/lib/gcc/x86_64-pc-linux-gnu/7.4.0/../../../../include/c++/7.4.0/x86_64-pc-linux-gnu]
    add: [/opt/gcc-7.4.0/lib/gcc/x86_64-pc-linux-gnu/7.4.0/../../../../include/c++/7.4.0/backward]
    add: [/opt/gcc-7.4.0/lib/gcc/x86_64-pc-linux-gnu/7.4.0/include]
    add: [/usr/local/include]
    add: [/opt/gcc-7.4.0/include]
    add: [/opt/gcc-7.4.0/lib/gcc/x86_64-pc-linux-gnu/7.4.0/include-fixed]
    add: [/usr/include]
  end of search list found
  collapse include dir [/opt/gcc-7.4.0/lib/gcc/x86_64-pc-linux-gnu/7.4.0/../../../../include/c++/7.4.0] ==> [/opt/gcc-7.4.0/include/c++/7.4.0]
  collapse include dir [/opt/gcc-7.4.0/lib/gcc/x86_64-pc-linux-gnu/7.4.0/../../../../include/c++/7.4.0/x86_64-pc-linux-gnu] ==> [/opt/gcc-7.4.0/include/c++/7.4.0/x86_64-pc-linux-gnu]
  collapse include dir [/opt/gcc-7.4.0/lib/gcc/x86_64-pc-linux-gnu/7.4.0/../../../../include/c++/7.4.0/backward] ==> [/opt/gcc-7.4.0/include/c++/7.4.0/backward]
  collapse include dir [/opt/gcc-7.4.0/lib/gcc/x86_64-pc-linux-gnu/7.4.0/include] ==> [/opt/gcc-7.4.0/lib/gcc/x86_64-pc-linux-gnu/7.4.0/include]
  collapse include dir [/usr/local/include] ==> [/usr/local/include]
  collapse include dir [/opt/gcc-7.4.0/include] ==> [/opt/gcc-7.4.0/include]
  collapse include dir [/opt/gcc-7.4.0/lib/gcc/x86_64-pc-linux-gnu/7.4.0/include-fixed] ==> [/opt/gcc-7.4.0/lib/gcc/x86_64-pc-linux-gnu/7.4.0/include-fixed]
  collapse include dir [/usr/include] ==> [/usr/include]
  implicit include dirs: [/opt/gcc-7.4.0/include/c++/7.4.0;/opt/gcc-7.4.0/include/c++/7.4.0/x86_64-pc-linux-gnu;/opt/gcc-7.4.0/include/c++/7.4.0/backward;/opt/gcc-7.4.0/lib/gcc/x86_64-pc-linux-gnu/7.4.0/include;/usr/local/include;/opt/gcc-7.4.0/include;/opt/gcc-7.4.0/lib/gcc/x86_64-pc-linux-gnu/7.4.0/include-fixed;/usr/include]


Parsed CXX implicit link information from above output:
  link line regex: [^( *|.*[/\])(ld|CMAKE_LINK_STARTFILE-NOTFOUND|([^/\]+-)?ld|collect2)[^/\]*( |$)]
  ignore line: [Change Dir: /deployment/python_in_cpp_trivial/cmake-build-debug/CMakeFiles/CMakeTmp]
  ignore line: []
  ignore line: [Run Build Command(s):/usr/bin/make cmTC_2f5c3/fast ]
  ignore line: [make: Warning: File `Makefile' has modification time 2.1 s in the future]
  ignore line: [/usr/bin/make -f CMakeFiles/cmTC_2f5c3.dir/build.make CMakeFiles/cmTC_2f5c3.dir/build]
  ignore line: [make[1]: Entering directory `/deployment/python_in_cpp_trivial/cmake-build-debug/CMakeFiles/CMakeTmp']
  ignore line: [make[1]: Warning: File `CMakeFiles/cmTC_2f5c3.dir/flags.make' has modification time 2.1 s in the future]
  ignore line: [Building CXX object CMakeFiles/cmTC_2f5c3.dir/CMakeCXXCompilerABI.cpp.o]
  ignore line: [/usr/local/bin/g++    -v -o CMakeFiles/cmTC_2f5c3.dir/CMakeCXXCompilerABI.cpp.o -c /clion/bin/cmake/linux/share/cmake-3.14/Modules/CMakeCXXCompilerABI.cpp]
  ignore line: [Using built-in specs.]
  ignore line: [COLLECT_GCC=/usr/local/bin/g++]
  ignore line: [Target: x86_64-pc-linux-gnu]
  ignore line: [Configured with: ../configure --prefix=/opt/gcc-7.4.0 --enable-languages=c,c++,fortran --disable-multilib]
  ignore line: [Thread model: posix]
  ignore line: [gcc version 7.4.0 (GCC) ]
  ignore line: [COLLECT_GCC_OPTIONS='-v' '-o' 'CMakeFiles/cmTC_2f5c3.dir/CMakeCXXCompilerABI.cpp.o' '-c' '-shared-libgcc' '-mtune=generic' '-march=x86-64']
  ignore line: [ /opt/gcc-7.4.0/libexec/gcc/x86_64-pc-linux-gnu/7.4.0/cc1plus -quiet -v -D_GNU_SOURCE /clion/bin/cmake/linux/share/cmake-3.14/Modules/CMakeCXXCompilerABI.cpp -quiet -dumpbase CMakeCXXCompilerABI.cpp -mtune=generic -march=x86-64 -auxbase-strip CMakeFiles/cmTC_2f5c3.dir/CMakeCXXCompilerABI.cpp.o -version -o /tmp/cctY54eJ.s]
  ignore line: [GNU C++14 (GCC) version 7.4.0 (x86_64-pc-linux-gnu)]
  ignore line: [	compiled by GNU C version 7.4.0, GMP version 6.1.2, MPFR version 4.0.2, MPC version 1.1.0, isl version isl-0.21-GMP]
  ignore line: []
  ignore line: [GGC heuristics: --param ggc-min-expand=100 --param ggc-min-heapsize=131072]
  ignore line: [ignoring nonexistent directory "/opt/gcc-7.4.0/lib/gcc/x86_64-pc-linux-gnu/7.4.0/../../../../x86_64-pc-linux-gnu/include"]
  ignore line: [#include "..." search starts here:]
  ignore line: [#include <...> search starts here:]
  ignore line: [ /opt/gcc-7.4.0/lib/gcc/x86_64-pc-linux-gnu/7.4.0/../../../../include/c++/7.4.0]
  ignore line: [ /opt/gcc-7.4.0/lib/gcc/x86_64-pc-linux-gnu/7.4.0/../../../../include/c++/7.4.0/x86_64-pc-linux-gnu]
  ignore line: [ /opt/gcc-7.4.0/lib/gcc/x86_64-pc-linux-gnu/7.4.0/../../../../include/c++/7.4.0/backward]
  ignore line: [ /opt/gcc-7.4.0/lib/gcc/x86_64-pc-linux-gnu/7.4.0/include]
  ignore line: [ /usr/local/include]
  ignore line: [ /opt/gcc-7.4.0/include]
  ignore line: [ /opt/gcc-7.4.0/lib/gcc/x86_64-pc-linux-gnu/7.4.0/include-fixed]
  ignore line: [ /usr/include]
  ignore line: [End of search list.]
  ignore line: [GNU C++14 (GCC) version 7.4.0 (x86_64-pc-linux-gnu)]
  ignore line: [	compiled by GNU C version 7.4.0, GMP version 6.1.2, MPFR version 4.0.2, MPC version 1.1.0, isl version isl-0.21-GMP]
  ignore line: []
  ignore line: [GGC heuristics: --param ggc-min-expand=100 --param ggc-min-heapsize=131072]
  ignore line: [Compiler executable checksum: ed3ed57232794e0d8ab44750a7992d15]
  ignore line: [COLLECT_GCC_OPTIONS='-v' '-o' 'CMakeFiles/cmTC_2f5c3.dir/CMakeCXXCompilerABI.cpp.o' '-c' '-shared-libgcc' '-mtune=generic' '-march=x86-64']
  ignore line: [ as -v --64 -o CMakeFiles/cmTC_2f5c3.dir/CMakeCXXCompilerABI.cpp.o /tmp/cctY54eJ.s]
  ignore line: [GNU assembler version 2.27 (x86_64-redhat-linux) using BFD version version 2.27-44.base.el7]
  ignore line: [COMPILER_PATH=/opt/gcc-7.4.0/libexec/gcc/x86_64-pc-linux-gnu/7.4.0/:/opt/gcc-7.4.0/libexec/gcc/x86_64-pc-linux-gnu/7.4.0/:/opt/gcc-7.4.0/libexec/gcc/x86_64-pc-linux-gnu/:/opt/gcc-7.4.0/lib/gcc/x86_64-pc-linux-gnu/7.4.0/:/opt/gcc-7.4.0/lib/gcc/x86_64-pc-linux-gnu/]
  ignore line: [LIBRARY_PATH=/opt/gcc-7.4.0/lib/gcc/x86_64-pc-linux-gnu/7.4.0/:/opt/gcc-7.4.0/lib/gcc/x86_64-pc-linux-gnu/7.4.0/../../../../lib64/:/lib/../lib64/:/usr/lib/../lib64/:/opt/gcc-7.4.0/lib/gcc/x86_64-pc-linux-gnu/7.4.0/../../../:/lib/:/usr/lib/]
  ignore line: [COLLECT_GCC_OPTIONS='-v' '-o' 'CMakeFiles/cmTC_2f5c3.dir/CMakeCXXCompilerABI.cpp.o' '-c' '-shared-libgcc' '-mtune=generic' '-march=x86-64']
  ignore line: [Linking CXX executable cmTC_2f5c3]
  ignore line: [/clion/bin/cmake/linux/bin/cmake -E cmake_link_script CMakeFiles/cmTC_2f5c3.dir/link.txt --verbose=1]
  ignore line: [/usr/local/bin/g++      -v CMakeFiles/cmTC_2f5c3.dir/CMakeCXXCompilerABI.cpp.o  -o cmTC_2f5c3 ]
  ignore line: [Using built-in specs.]
  ignore line: [COLLECT_GCC=/usr/local/bin/g++]
  ignore line: [COLLECT_LTO_WRAPPER=/opt/gcc-7.4.0/libexec/gcc/x86_64-pc-linux-gnu/7.4.0/lto-wrapper]
  ignore line: [Target: x86_64-pc-linux-gnu]
  ignore line: [Configured with: ../configure --prefix=/opt/gcc-7.4.0 --enable-languages=c,c++,fortran --disable-multilib]
  ignore line: [Thread model: posix]
  ignore line: [gcc version 7.4.0 (GCC) ]
  ignore line: [COMPILER_PATH=/opt/gcc-7.4.0/libexec/gcc/x86_64-pc-linux-gnu/7.4.0/:/opt/gcc-7.4.0/libexec/gcc/x86_64-pc-linux-gnu/7.4.0/:/opt/gcc-7.4.0/libexec/gcc/x86_64-pc-linux-gnu/:/opt/gcc-7.4.0/lib/gcc/x86_64-pc-linux-gnu/7.4.0/:/opt/gcc-7.4.0/lib/gcc/x86_64-pc-linux-gnu/]
  ignore line: [LIBRARY_PATH=/opt/gcc-7.4.0/lib/gcc/x86_64-pc-linux-gnu/7.4.0/:/opt/gcc-7.4.0/lib/gcc/x86_64-pc-linux-gnu/7.4.0/../../../../lib64/:/lib/../lib64/:/usr/lib/../lib64/:/opt/gcc-7.4.0/lib/gcc/x86_64-pc-linux-gnu/7.4.0/../../../:/lib/:/usr/lib/]
  ignore line: [COLLECT_GCC_OPTIONS='-v' '-o' 'cmTC_2f5c3' '-shared-libgcc' '-mtune=generic' '-march=x86-64']
  link line: [ /opt/gcc-7.4.0/libexec/gcc/x86_64-pc-linux-gnu/7.4.0/collect2 --eh-frame-hdr -m elf_x86_64 -dynamic-linker /lib64/ld-linux-x86-64.so.2 -o cmTC_2f5c3 /lib/../lib64/crt1.o /lib/../lib64/crti.o /opt/gcc-7.4.0/lib/gcc/x86_64-pc-linux-gnu/7.4.0/crtbegin.o -L/opt/gcc-7.4.0/lib/gcc/x86_64-pc-linux-gnu/7.4.0 -L/opt/gcc-7.4.0/lib/gcc/x86_64-pc-linux-gnu/7.4.0/../../../../lib64 -L/lib/../lib64 -L/usr/lib/../lib64 -L/opt/gcc-7.4.0/lib/gcc/x86_64-pc-linux-gnu/7.4.0/../../.. CMakeFiles/cmTC_2f5c3.dir/CMakeCXXCompilerABI.cpp.o -lstdc++ -lm -lgcc_s -lgcc -lc -lgcc_s -lgcc /opt/gcc-7.4.0/lib/gcc/x86_64-pc-linux-gnu/7.4.0/crtend.o /lib/../lib64/crtn.o]
    arg [/opt/gcc-7.4.0/libexec/gcc/x86_64-pc-linux-gnu/7.4.0/collect2] ==> ignore
    arg [--eh-frame-hdr] ==> ignore
    arg [-m] ==> ignore
    arg [elf_x86_64] ==> ignore
    arg [-dynamic-linker] ==> ignore
    arg [/lib64/ld-linux-x86-64.so.2] ==> ignore
    arg [-o] ==> ignore
    arg [cmTC_2f5c3] ==> ignore
    arg [/lib/../lib64/crt1.o] ==> ignore
    arg [/lib/../lib64/crti.o] ==> ignore
    arg [/opt/gcc-7.4.0/lib/gcc/x86_64-pc-linux-gnu/7.4.0/crtbegin.o] ==> ignore
    arg [-L/opt/gcc-7.4.0/lib/gcc/x86_64-pc-linux-gnu/7.4.0] ==> dir [/opt/gcc-7.4.0/lib/gcc/x86_64-pc-linux-gnu/7.4.0]
    arg [-L/opt/gcc-7.4.0/lib/gcc/x86_64-pc-linux-gnu/7.4.0/../../../../lib64] ==> dir [/opt/gcc-7.4.0/lib/gcc/x86_64-pc-linux-gnu/7.4.0/../../../../lib64]
    arg [-L/lib/../lib64] ==> dir [/lib/../lib64]
    arg [-L/usr/lib/../lib64] ==> dir [/usr/lib/../lib64]
    arg [-L/opt/gcc-7.4.0/lib/gcc/x86_64-pc-linux-gnu/7.4.0/../../..] ==> dir [/opt/gcc-7.4.0/lib/gcc/x86_64-pc-linux-gnu/7.4.0/../../..]
    arg [CMakeFiles/cmTC_2f5c3.dir/CMakeCXXCompilerABI.cpp.o] ==> ignore
    arg [-lstdc++] ==> lib [stdc++]
    arg [-lm] ==> lib [m]
    arg [-lgcc_s] ==> lib [gcc_s]
    arg [-lgcc] ==> lib [gcc]
    arg [-lc] ==> lib [c]
    arg [-lgcc_s] ==> lib [gcc_s]
    arg [-lgcc] ==> lib [gcc]
    arg [/opt/gcc-7.4.0/lib/gcc/x86_64-pc-linux-gnu/7.4.0/crtend.o] ==> ignore
    arg [/lib/../lib64/crtn.o] ==> ignore
  collapse library dir [/opt/gcc-7.4.0/lib/gcc/x86_64-pc-linux-gnu/7.4.0] ==> [/opt/gcc-7.4.0/lib/gcc/x86_64-pc-linux-gnu/7.4.0]
  collapse library dir [/opt/gcc-7.4.0/lib/gcc/x86_64-pc-linux-gnu/7.4.0/../../../../lib64] ==> [/opt/gcc-7.4.0/lib64]
  collapse library dir [/lib/../lib64] ==> [/lib64]
  collapse library dir [/usr/lib/../lib64] ==> [/usr/lib64]
  collapse library dir [/opt/gcc-7.4.0/lib/gcc/x86_64-pc-linux-gnu/7.4.0/../../..] ==> [/opt/gcc-7.4.0/lib]
  implicit libs: [stdc++;m;gcc_s;gcc;c;gcc_s;gcc]
  implicit dirs: [/opt/gcc-7.4.0/lib/gcc/x86_64-pc-linux-gnu/7.4.0;/opt/gcc-7.4.0/lib64;/lib64;/usr/lib64;/opt/gcc-7.4.0/lib]
  implicit fwks: []




Detecting CXX [-std=c++1z] compiler features compiled with the following output:
Change Dir: /deployment/python_in_cpp_trivial/cmake-build-debug/CMakeFiles/CMakeTmp

Run Build Command(s):/usr/bin/make cmTC_acc89/fast 
make: Warning: File `Makefile' has modification time 2.2 s in the future
/usr/bin/make -f CMakeFiles/cmTC_acc89.dir/build.make CMakeFiles/cmTC_acc89.dir/build
make[1]: Entering directory `/deployment/python_in_cpp_trivial/cmake-build-debug/CMakeFiles/CMakeTmp'
make[1]: Warning: File `CMakeFiles/cmTC_acc89.dir/flags.make' has modification time 2.1 s in the future
Building CXX object CMakeFiles/cmTC_acc89.dir/feature_tests.cxx.o
/usr/local/bin/g++    -std=c++1z -o CMakeFiles/cmTC_acc89.dir/feature_tests.cxx.o -c /deployment/python_in_cpp_trivial/cmake-build-debug/CMakeFiles/feature_tests.cxx
Linking CXX executable cmTC_acc89
/clion/bin/cmake/linux/bin/cmake -E cmake_link_script CMakeFiles/cmTC_acc89.dir/link.txt --verbose=1
/usr/local/bin/g++       CMakeFiles/cmTC_acc89.dir/feature_tests.cxx.o  -o cmTC_acc89 
make[1]: warning:  Clock skew detected.  Your build may be incomplete.
make[1]: Leaving directory `/deployment/python_in_cpp_trivial/cmake-build-debug/CMakeFiles/CMakeTmp'
make: warning:  Clock skew detected.  Your build may be incomplete.


    Feature record: CXX_FEATURE:1cxx_aggregate_default_initializers
    Feature record: CXX_FEATURE:1cxx_alias_templates
    Feature record: CXX_FEATURE:1cxx_alignas
    Feature record: CXX_FEATURE:1cxx_alignof
    Feature record: CXX_FEATURE:1cxx_attributes
    Feature record: CXX_FEATURE:1cxx_attribute_deprecated
    Feature record: CXX_FEATURE:1cxx_auto_type
    Feature record: CXX_FEATURE:1cxx_binary_literals
    Feature record: CXX_FEATURE:1cxx_constexpr
    Feature record: CXX_FEATURE:1cxx_contextual_conversions
    Feature record: CXX_FEATURE:1cxx_decltype
    Feature record: CXX_FEATURE:1cxx_decltype_auto
    Feature record: CXX_FEATURE:1cxx_decltype_incomplete_return_types
    Feature record: CXX_FEATURE:1cxx_default_function_template_args
    Feature record: CXX_FEATURE:1cxx_defaulted_functions
    Feature record: CXX_FEATURE:1cxx_defaulted_move_initializers
    Feature record: CXX_FEATURE:1cxx_delegating_constructors
    Feature record: CXX_FEATURE:1cxx_deleted_functions
    Feature record: CXX_FEATURE:1cxx_digit_separators
    Feature record: CXX_FEATURE:1cxx_enum_forward_declarations
    Feature record: CXX_FEATURE:1cxx_explicit_conversions
    Feature record: CXX_FEATURE:1cxx_extended_friend_declarations
    Feature record: CXX_FEATURE:1cxx_extern_templates
    Feature record: CXX_FEATURE:1cxx_final
    Feature record: CXX_FEATURE:1cxx_func_identifier
    Feature record: CXX_FEATURE:1cxx_generalized_initializers
    Feature record: CXX_FEATURE:1cxx_generic_lambdas
    Feature record: CXX_FEATURE:1cxx_inheriting_constructors
    Feature record: CXX_FEATURE:1cxx_inline_namespaces
    Feature record: CXX_FEATURE:1cxx_lambdas
    Feature record: CXX_FEATURE:1cxx_lambda_init_captures
    Feature record: CXX_FEATURE:1cxx_local_type_template_args
    Feature record: CXX_FEATURE:1cxx_long_long_type
    Feature record: CXX_FEATURE:1cxx_noexcept
    Feature record: CXX_FEATURE:1cxx_nonstatic_member_init
    Feature record: CXX_FEATURE:1cxx_nullptr
    Feature record: CXX_FEATURE:1cxx_override
    Feature record: CXX_FEATURE:1cxx_range_for
    Feature record: CXX_FEATURE:1cxx_raw_string_literals
    Feature record: CXX_FEATURE:1cxx_reference_qualified_functions
    Feature record: CXX_FEATURE:1cxx_relaxed_constexpr
    Feature record: CXX_FEATURE:1cxx_return_type_deduction
    Feature record: CXX_FEATURE:1cxx_right_angle_brackets
    Feature record: CXX_FEATURE:1cxx_rvalue_references
    Feature record: CXX_FEATURE:1cxx_sizeof_member
    Feature record: CXX_FEATURE:1cxx_static_assert
    Feature record: CXX_FEATURE:1cxx_strong_enums
    Feature record: CXX_FEATURE:1cxx_template_template_parameters
    Feature record: CXX_FEATURE:1cxx_thread_local
    Feature record: CXX_FEATURE:1cxx_trailing_return_types
    Feature record: CXX_FEATURE:1cxx_unicode_literals
    Feature record: CXX_FEATURE:1cxx_uniform_initialization
    Feature record: CXX_FEATURE:1cxx_unrestricted_unions
    Feature record: CXX_FEATURE:1cxx_user_literals
    Feature record: CXX_FEATURE:1cxx_variable_templates
    Feature record: CXX_FEATURE:1cxx_variadic_macros
    Feature record: CXX_FEATURE:1cxx_variadic_templates


Detecting CXX [-std=c++14] compiler features compiled with the following output:
Change Dir: /deployment/python_in_cpp_trivial/cmake-build-debug/CMakeFiles/CMakeTmp

Run Build Command(s):/usr/bin/make cmTC_a94fd/fast 
make: Warning: File `Makefile' has modification time 2.1 s in the future
/usr/bin/make -f CMakeFiles/cmTC_a94fd.dir/build.make CMakeFiles/cmTC_a94fd.dir/build
make[1]: Entering directory `/deployment/python_in_cpp_trivial/cmake-build-debug/CMakeFiles/CMakeTmp'
make[1]: Warning: File `CMakeFiles/cmTC_a94fd.dir/flags.make' has modification time 2.1 s in the future
Building CXX object CMakeFiles/cmTC_a94fd.dir/feature_tests.cxx.o
/usr/local/bin/g++    -std=c++14 -o CMakeFiles/cmTC_a94fd.dir/feature_tests.cxx.o -c /deployment/python_in_cpp_trivial/cmake-build-debug/CMakeFiles/feature_tests.cxx
Linking CXX executable cmTC_a94fd
/clion/bin/cmake/linux/bin/cmake -E cmake_link_script CMakeFiles/cmTC_a94fd.dir/link.txt --verbose=1
/usr/local/bin/g++       CMakeFiles/cmTC_a94fd.dir/feature_tests.cxx.o  -o cmTC_a94fd 
make[1]: warning:  Clock skew detected.  Your build may be incomplete.
make[1]: Leaving directory `/deployment/python_in_cpp_trivial/cmake-build-debug/CMakeFiles/CMakeTmp'
make: warning:  Clock skew detected.  Your build may be incomplete.


    Feature record: CXX_FEATURE:1cxx_aggregate_default_initializers
    Feature record: CXX_FEATURE:1cxx_alias_templates
    Feature record: CXX_FEATURE:1cxx_alignas
    Feature record: CXX_FEATURE:1cxx_alignof
    Feature record: CXX_FEATURE:1cxx_attributes
    Feature record: CXX_FEATURE:1cxx_attribute_deprecated
    Feature record: CXX_FEATURE:1cxx_auto_type
    Feature record: CXX_FEATURE:1cxx_binary_literals
    Feature record: CXX_FEATURE:1cxx_constexpr
    Feature record: CXX_FEATURE:1cxx_contextual_conversions
    Feature record: CXX_FEATURE:1cxx_decltype
    Feature record: CXX_FEATURE:1cxx_decltype_auto
    Feature record: CXX_FEATURE:1cxx_decltype_incomplete_return_types
    Feature record: CXX_FEATURE:1cxx_default_function_template_args
    Feature record: CXX_FEATURE:1cxx_defaulted_functions
    Feature record: CXX_FEATURE:1cxx_defaulted_move_initializers
    Feature record: CXX_FEATURE:1cxx_delegating_constructors
    Feature record: CXX_FEATURE:1cxx_deleted_functions
    Feature record: CXX_FEATURE:1cxx_digit_separators
    Feature record: CXX_FEATURE:1cxx_enum_forward_declarations
    Feature record: CXX_FEATURE:1cxx_explicit_conversions
    Feature record: CXX_FEATURE:1cxx_extended_friend_declarations
    Feature record: CXX_FEATURE:1cxx_extern_templates
    Feature record: CXX_FEATURE:1cxx_final
    Feature record: CXX_FEATURE:1cxx_func_identifier
    Feature record: CXX_FEATURE:1cxx_generalized_initializers
    Feature record: CXX_FEATURE:1cxx_generic_lambdas
    Feature record: CXX_FEATURE:1cxx_inheriting_constructors
    Feature record: CXX_FEATURE:1cxx_inline_namespaces
    Feature record: CXX_FEATURE:1cxx_lambdas
    Feature record: CXX_FEATURE:1cxx_lambda_init_captures
    Feature record: CXX_FEATURE:1cxx_local_type_template_args
    Feature record: CXX_FEATURE:1cxx_long_long_type
    Feature record: CXX_FEATURE:1cxx_noexcept
    Feature record: CXX_FEATURE:1cxx_nonstatic_member_init
    Feature record: CXX_FEATURE:1cxx_nullptr
    Feature record: CXX_FEATURE:1cxx_override
    Feature record: CXX_FEATURE:1cxx_range_for
    Feature record: CXX_FEATURE:1cxx_raw_string_literals
    Feature record: CXX_FEATURE:1cxx_reference_qualified_functions
    Feature record: CXX_FEATURE:1cxx_relaxed_constexpr
    Feature record: CXX_FEATURE:1cxx_return_type_deduction
    Feature record: CXX_FEATURE:1cxx_right_angle_brackets
    Feature record: CXX_FEATURE:1cxx_rvalue_references
    Feature record: CXX_FEATURE:1cxx_sizeof_member
    Feature record: CXX_FEATURE:1cxx_static_assert
    Feature record: CXX_FEATURE:1cxx_strong_enums
    Feature record: CXX_FEATURE:1cxx_template_template_parameters
    Feature record: CXX_FEATURE:1cxx_thread_local
    Feature record: CXX_FEATURE:1cxx_trailing_return_types
    Feature record: CXX_FEATURE:1cxx_unicode_literals
    Feature record: CXX_FEATURE:1cxx_uniform_initialization
    Feature record: CXX_FEATURE:1cxx_unrestricted_unions
    Feature record: CXX_FEATURE:1cxx_user_literals
    Feature record: CXX_FEATURE:1cxx_variable_templates
    Feature record: CXX_FEATURE:1cxx_variadic_macros
    Feature record: CXX_FEATURE:1cxx_variadic_templates


Detecting CXX [-std=c++11] compiler features compiled with the following output:
Change Dir: /deployment/python_in_cpp_trivial/cmake-build-debug/CMakeFiles/CMakeTmp

Run Build Command(s):/usr/bin/make cmTC_966ca/fast 
make: Warning: File `Makefile' has modification time 2.1 s in the future
/usr/bin/make -f CMakeFiles/cmTC_966ca.dir/build.make CMakeFiles/cmTC_966ca.dir/build
make[1]: Entering directory `/deployment/python_in_cpp_trivial/cmake-build-debug/CMakeFiles/CMakeTmp'
make[1]: Warning: File `CMakeFiles/cmTC_966ca.dir/flags.make' has modification time 2.1 s in the future
Building CXX object CMakeFiles/cmTC_966ca.dir/feature_tests.cxx.o
/usr/local/bin/g++    -std=c++11 -o CMakeFiles/cmTC_966ca.dir/feature_tests.cxx.o -c /deployment/python_in_cpp_trivial/cmake-build-debug/CMakeFiles/feature_tests.cxx
Linking CXX executable cmTC_966ca
/clion/bin/cmake/linux/bin/cmake -E cmake_link_script CMakeFiles/cmTC_966ca.dir/link.txt --verbose=1
/usr/local/bin/g++       CMakeFiles/cmTC_966ca.dir/feature_tests.cxx.o  -o cmTC_966ca 
make[1]: warning:  Clock skew detected.  Your build may be incomplete.
make[1]: Leaving directory `/deployment/python_in_cpp_trivial/cmake-build-debug/CMakeFiles/CMakeTmp'
make: warning:  Clock skew detected.  Your build may be incomplete.


    Feature record: CXX_FEATURE:0cxx_aggregate_default_initializers
    Feature record: CXX_FEATURE:1cxx_alias_templates
    Feature record: CXX_FEATURE:1cxx_alignas
    Feature record: CXX_FEATURE:1cxx_alignof
    Feature record: CXX_FEATURE:1cxx_attributes
    Feature record: CXX_FEATURE:0cxx_attribute_deprecated
    Feature record: CXX_FEATURE:1cxx_auto_type
    Feature record: CXX_FEATURE:0cxx_binary_literals
    Feature record: CXX_FEATURE:1cxx_constexpr
    Feature record: CXX_FEATURE:0cxx_contextual_conversions
    Feature record: CXX_FEATURE:1cxx_decltype
    Feature record: CXX_FEATURE:0cxx_decltype_auto
    Feature record: CXX_FEATURE:1cxx_decltype_incomplete_return_types
    Feature record: CXX_FEATURE:1cxx_default_function_template_args
    Feature record: CXX_FEATURE:1cxx_defaulted_functions
    Feature record: CXX_FEATURE:1cxx_defaulted_move_initializers
    Feature record: CXX_FEATURE:1cxx_delegating_constructors
    Feature record: CXX_FEATURE:1cxx_deleted_functions
    Feature record: CXX_FEATURE:0cxx_digit_separators
    Feature record: CXX_FEATURE:1cxx_enum_forward_declarations
    Feature record: CXX_FEATURE:1cxx_explicit_conversions
    Feature record: CXX_FEATURE:1cxx_extended_friend_declarations
    Feature record: CXX_FEATURE:1cxx_extern_templates
    Feature record: CXX_FEATURE:1cxx_final
    Feature record: CXX_FEATURE:1cxx_func_identifier
    Feature record: CXX_FEATURE:1cxx_generalized_initializers
    Feature record: CXX_FEATURE:0cxx_generic_lambdas
    Feature record: CXX_FEATURE:1cxx_inheriting_constructors
    Feature record: CXX_FEATURE:1cxx_inline_namespaces
    Feature record: CXX_FEATURE:1cxx_lambdas
    Feature record: CXX_FEATURE:0cxx_lambda_init_captures
    Feature record: CXX_FEATURE:1cxx_local_type_template_args
    Feature record: CXX_FEATURE:1cxx_long_long_type
    Feature record: CXX_FEATURE:1cxx_noexcept
    Feature record: CXX_FEATURE:1cxx_nonstatic_member_init
    Feature record: CXX_FEATURE:1cxx_nullptr
    Feature record: CXX_FEATURE:1cxx_override
    Feature record: CXX_FEATURE:1cxx_range_for
    Feature record: CXX_FEATURE:1cxx_raw_string_literals
    Feature record: CXX_FEATURE:1cxx_reference_qualified_functions
    Feature record: CXX_FEATURE:0cxx_relaxed_constexpr
    Feature record: CXX_FEATURE:0cxx_return_type_deduction
    Feature record: CXX_FEATURE:1cxx_right_angle_brackets
    Feature record: CXX_FEATURE:1cxx_rvalue_references
    Feature record: CXX_FEATURE:1cxx_sizeof_member
    Feature record: CXX_FEATURE:1cxx_static_assert
    Feature record: CXX_FEATURE:1cxx_strong_enums
    Feature record: CXX_FEATURE:1cxx_template_template_parameters
    Feature record: CXX_FEATURE:1cxx_thread_local
    Feature record: CXX_FEATURE:1cxx_trailing_return_types
    Feature record: CXX_FEATURE:1cxx_unicode_literals
    Feature record: CXX_FEATURE:1cxx_uniform_initialization
    Feature record: CXX_FEATURE:1cxx_unrestricted_unions
    Feature record: CXX_FEATURE:1cxx_user_literals
    Feature record: CXX_FEATURE:0cxx_variable_templates
    Feature record: CXX_FEATURE:1cxx_variadic_macros
    Feature record: CXX_FEATURE:1cxx_variadic_templates


Detecting CXX [-std=c++98] compiler features compiled with the following output:
Change Dir: /deployment/python_in_cpp_trivial/cmake-build-debug/CMakeFiles/CMakeTmp

Run Build Command(s):/usr/bin/make cmTC_84603/fast 
make: Warning: File `Makefile' has modification time 2.1 s in the future
/usr/bin/make -f CMakeFiles/cmTC_84603.dir/build.make CMakeFiles/cmTC_84603.dir/build
make[1]: Entering directory `/deployment/python_in_cpp_trivial/cmake-build-debug/CMakeFiles/CMakeTmp'
make[1]: Warning: File `CMakeFiles/cmTC_84603.dir/flags.make' has modification time 2.1 s in the future
Building CXX object CMakeFiles/cmTC_84603.dir/feature_tests.cxx.o
/usr/local/bin/g++    -std=c++98 -o CMakeFiles/cmTC_84603.dir/feature_tests.cxx.o -c /deployment/python_in_cpp_trivial/cmake-build-debug/CMakeFiles/feature_tests.cxx
Linking CXX executable cmTC_84603
/clion/bin/cmake/linux/bin/cmake -E cmake_link_script CMakeFiles/cmTC_84603.dir/link.txt --verbose=1
/usr/local/bin/g++       CMakeFiles/cmTC_84603.dir/feature_tests.cxx.o  -o cmTC_84603 
make[1]: warning:  Clock skew detected.  Your build may be incomplete.
make[1]: Leaving directory `/deployment/python_in_cpp_trivial/cmake-build-debug/CMakeFiles/CMakeTmp'
make: warning:  Clock skew detected.  Your build may be incomplete.


    Feature record: CXX_FEATURE:0cxx_aggregate_default_initializers
    Feature record: CXX_FEATURE:0cxx_alias_templates
    Feature record: CXX_FEATURE:0cxx_alignas
    Feature record: CXX_FEATURE:0cxx_alignof
    Feature record: CXX_FEATURE:0cxx_attributes
    Feature record: CXX_FEATURE:0cxx_attribute_deprecated
    Feature record: CXX_FEATURE:0cxx_auto_type
    Feature record: CXX_FEATURE:0cxx_binary_literals
    Feature record: CXX_FEATURE:0cxx_constexpr
    Feature record: CXX_FEATURE:0cxx_contextual_conversions
    Feature record: CXX_FEATURE:0cxx_decltype
    Feature record: CXX_FEATURE:0cxx_decltype_auto
    Feature record: CXX_FEATURE:0cxx_decltype_incomplete_return_types
    Feature record: CXX_FEATURE:0cxx_default_function_template_args
    Feature record: CXX_FEATURE:0cxx_defaulted_functions
    Feature record: CXX_FEATURE:0cxx_defaulted_move_initializers
    Feature record: CXX_FEATURE:0cxx_delegating_constructors
    Feature record: CXX_FEATURE:0cxx_deleted_functions
    Feature record: CXX_FEATURE:0cxx_digit_separators
    Feature record: CXX_FEATURE:0cxx_enum_forward_declarations
    Feature record: CXX_FEATURE:0cxx_explicit_conversions
    Feature record: CXX_FEATURE:0cxx_extended_friend_declarations
    Feature record: CXX_FEATURE:0cxx_extern_templates
    Feature record: CXX_FEATURE:0cxx_final
    Feature record: CXX_FEATURE:0cxx_func_identifier
    Feature record: CXX_FEATURE:0cxx_generalized_initializers
    Feature record: CXX_FEATURE:0cxx_generic_lambdas
    Feature record: CXX_FEATURE:0cxx_inheriting_constructors
    Feature record: CXX_FEATURE:0cxx_inline_namespaces
    Feature record: CXX_FEATURE:0cxx_lambdas
    Feature record: CXX_FEATURE:0cxx_lambda_init_captures
    Feature record: CXX_FEATURE:0cxx_local_type_template_args
    Feature record: CXX_FEATURE:0cxx_long_long_type
    Feature record: CXX_FEATURE:0cxx_noexcept
    Feature record: CXX_FEATURE:0cxx_nonstatic_member_init
    Feature record: CXX_FEATURE:0cxx_nullptr
    Feature record: CXX_FEATURE:0cxx_override
    Feature record: CXX_FEATURE:0cxx_range_for
    Feature record: CXX_FEATURE:0cxx_raw_string_literals
    Feature record: CXX_FEATURE:0cxx_reference_qualified_functions
    Feature record: CXX_FEATURE:0cxx_relaxed_constexpr
    Feature record: CXX_FEATURE:0cxx_return_type_deduction
    Feature record: CXX_FEATURE:0cxx_right_angle_brackets
    Feature record: CXX_FEATURE:0cxx_rvalue_references
    Feature record: CXX_FEATURE:0cxx_sizeof_member
    Feature record: CXX_FEATURE:0cxx_static_assert
    Feature record: CXX_FEATURE:0cxx_strong_enums
    Feature record: CXX_FEATURE:1cxx_template_template_parameters
    Feature record: CXX_FEATURE:0cxx_thread_local
    Feature record: CXX_FEATURE:0cxx_trailing_return_types
    Feature record: CXX_FEATURE:0cxx_unicode_literals
    Feature record: CXX_FEATURE:0cxx_uniform_initialization
    Feature record: CXX_FEATURE:0cxx_unrestricted_unions
    Feature record: CXX_FEATURE:0cxx_user_literals
    Feature record: CXX_FEATURE:0cxx_variable_templates
    Feature record: CXX_FEATURE:0cxx_variadic_macros
    Feature record: CXX_FEATURE:0cxx_variadic_templates
